Starting...
Prepare Import...
Prepare Import done
Import data file....
- Prepare Import
- Begin Import
- Data import
- Data import
- Data import
- Data import
- Data import
- Data import
- Data import
- Data import
- Data import
- Data import
- Data import
- Data import
- Data import
- Data import
- Data import
- Data import
- Data import
- Data import
- Data import
- Data import
- Data import
- Data import
- Data import
- Data import
- Data import
- Data import
- Data import
- Data import
- Data import
- Data import
- Data import
- Data import
- Data import
- Data import
- Data import
- Data import
- Data import
- Data import
- Data import
- Data import
- Data import
- Data import
- Data import
- Data import
- Data import
- Data import
- Data import
- Data import
- Data import
- Data import
- Data import
- Data import
- Data import
- Data import
- Data import
- Data import
- Data import
- Data import
- Data import
- Data import
- Data import
- Data import
- Data import
- Data import
- Data import
- Data import
- Data import
- Data import
- Data import
- Data import
- Data import
- Data import
- Data import
- Data import
- Data import
- Data import
- Data import
- Data import
- Data import
- Data import
- Data import
- Data import
- Data import
- Data import
- Data import
- Data import
- Data import
- Data import
- Data import
- Data import
- Data import
- Data import
- Data import
- Data import
- Data import
- Data import
- Data import
- Data import
- Data import
- Data import
- Data import
- Data import
- Data import
- Data import
- Data import
- Data import
- Data import
- Data import
- Data import
- Data import
- Data import
- Data import
- Data import
- Data import
- Data import
- Data import
- Data import
- Data import
- Data import
- Data import
- Data import
- Data import
- Data import
- Data import
- Data import
- Data import
- Data import
- Data import
- Data import
- Data import
- Data import
- Data import
- Data import
- Data import
- Data import
- Data import
- Data import
- Data import
- Data import
- Data import
- Data import
- Data import
- Data import
- Data import
- Data import
- Data import
- Data import
- Data import
- Data import
- Data import
- Data import
- Data import
- Data import
- Data import
- Data import
- Data import
- Data import
- Data import
- Data import
- Data import
- Data import
- Data import
- Data import
- Data import
- Data import
- Data import
- Data import
- Data import
- Data import
- Data import
- Data import
- Data import
- Data import
- Data import
- Data import
- Data import
- Data import
- Data import
- Data import
- Data import
- Data import
- Data import
- Data import
- Data import
- Data import
- Data import
- Data import
- Data import
- Data import
- Data import
- Data import
- Data import
- Data import
- Data import
- Data import
- Data import
- Data import
- Data import
- Data import
- Data import
- Data import
- Import finished
Import data file finished
Finished performing tasks.